[2020-05-29T21:56:02.832] [DEBUG] cheese - login => username:25,password:123456
[2020-05-29T21:56:02.837] [DEBUG] cheese - 25
[2020-05-29T21:56:02.856] [DEBUG] cheese - null
[2020-05-29T21:56:02.857] [DEBUG] cheese - null
[2020-05-29T22:08:46.704] [DEBUG] cheese - login => username:admin,password:123456
[2020-05-29T22:08:46.704] [DEBUG] cheese - admin
[2020-05-29T22:08:46.724] [DEBUG] cheese - null
[2020-05-29T22:08:46.725] [DEBUG] cheese - null
[2020-05-31T17:05:50.247] [DEBUG] cheese - login => username:zaaza,password:11111111111111
[2020-05-31T17:05:50.253] [DEBUG] cheese - zaaza
[2020-05-31T17:05:50.809] [DEBUG] cheese - null
[2020-05-31T17:05:50.811] [DEBUG] cheese - null
[2020-05-31T17:06:22.624] [DEBUG] cheese - login => username:zaaza,password:11111111111111
[2020-05-31T17:06:22.624] [DEBUG] cheese - zaaza
[2020-05-31T17:06:22.645] [DEBUG] cheese - null
[2020-05-31T17:06:22.645] [DEBUG] cheese - null
[2020-05-31T17:06:32.603] [DEBUG] cheese - login => username:222,password:7575757575
[2020-05-31T17:06:32.603] [DEBUG] cheese - 222
[2020-05-31T17:06:32.610] [DEBUG] cheese - null
[2020-05-31T17:06:32.611] [DEBUG] cheese - null
[2020-05-31T17:11:24.195] [DEBUG] cheese - login => username:555,password:77777777777
[2020-05-31T17:11:24.196] [DEBUG] cheese - 555
[2020-05-31T17:11:24.205] [DEBUG] cheese - null
[2020-05-31T17:11:24.205] [DEBUG] cheese - null
[2020-05-31T17:13:53.692] [DEBUG] cheese - login => username:2222,password:44545444
[2020-05-31T17:13:53.692] [DEBUG] cheese - 2222
[2020-05-31T17:13:53.703] [DEBUG] cheese - null
[2020-05-31T17:13:53.703] [DEBUG] cheese - null
[2020-05-31T17:16:48.187] [DEBUG] cheese - login => username:333,password:55555555555
[2020-05-31T17:16:48.187] [DEBUG] cheese - 333
[2020-05-31T17:16:48.193] [DEBUG] cheese - null
[2020-05-31T17:16:48.193] [DEBUG] cheese - null
[2020-05-31T17:16:52.468] [DEBUG] cheese - login => username:333,password:55555555555
[2020-05-31T17:16:52.468] [DEBUG] cheese - 333
[2020-05-31T17:16:52.483] [DEBUG] cheese - null
[2020-05-31T17:16:52.484] [DEBUG] cheese - null
[2020-05-31T17:21:55.931] [DEBUG] cheese - login => username:admin,password:123456
[2020-05-31T17:21:55.931] [DEBUG] cheese - admin
[2020-05-31T17:21:55.951] [DEBUG] cheese - null
[2020-05-31T17:21:55.951] [DEBUG] cheese - null
[2020-05-31T17:22:06.593] [DEBUG] cheese - login => username:admin,password:123456
[2020-05-31T17:22:06.594] [DEBUG] cheese - admin
[2020-05-31T17:22:06.634] [DEBUG] cheese - null
[2020-05-31T17:22:06.635] [DEBUG] cheese - null
[2020-05-31T17:22:22.977] [DEBUG] cheese - login => username:admin,password:123456
[2020-05-31T17:22:22.977] [DEBUG] cheese - admin
[2020-05-31T17:28:44.720] [DEBUG] cheese - login => username:admin,password:123456
[2020-05-31T17:28:44.720] [DEBUG] cheese - admin
[2020-05-31T17:28:44.731] [DEBUG] cheese - login => username:admin,password:123456
[2020-05-31T17:28:44.731] [DEBUG] cheese - admin
[2020-05-31T17:28:44.740] [DEBUG] cheese - null
[2020-05-31T17:28:44.741] [DEBUG] cheese - null
[2020-05-31T17:28:45.095] [DEBUG] cheese - null
[2020-05-31T17:28:45.095] [DEBUG] cheese - null
[2020-05-31T17:28:45.374] [DEBUG] cheese - null
[2020-05-31T17:28:45.375] [DEBUG] cheese - null
[2020-05-31T17:29:18.406] [DEBUG] cheese - login => username:admin,password:123456
[2020-05-31T17:29:18.411] [DEBUG] cheese - admin
[2020-05-31T17:29:18.442] [DEBUG] cheese - null
[2020-05-31T17:29:18.445] [DEBUG] cheese - null
[2020-05-31T17:33:47.462] [DEBUG] cheese - login => username:admin,password:123456
[2020-05-31T17:33:47.463] [DEBUG] cheese - admin
[2020-05-31T17:33:47.472] [DEBUG] cheese - null
[2020-05-31T17:33:47.472] [DEBUG] cheese - null
[2020-05-31T17:35:32.281] [DEBUG] cheese - login => username:admin,password:123456
[2020-05-31T17:35:32.281] [DEBUG] cheese - admin
[2020-05-31T17:35:32.287] [DEBUG] cheese - null
[2020-05-31T17:35:32.287] [DEBUG] cheese - null
[2020-05-31T17:35:59.084] [DEBUG] cheese - login => username:admin,password:123456
[2020-05-31T17:35:59.084] [DEBUG] cheese - admin
[2020-05-31T17:35:59.092] [DEBUG] cheese - null
[2020-05-31T17:35:59.092] [DEBUG] cheese - null
[2020-05-31T17:50:39.088] [DEBUG] cheese - login => username:admin,password:123456
[2020-05-31T17:50:39.088] [DEBUG] cheese - admin
[2020-05-31T17:50:39.095] [DEBUG] cheese - null
[2020-05-31T17:50:39.096] [DEBUG] cheese - null
[2020-05-31T17:54:25.579] [DEBUG] cheese - login => username:admin,password:123456
[2020-05-31T17:54:25.579] [DEBUG] cheese - admin
[2020-05-31T17:54:25.585] [DEBUG] cheese - null
[2020-05-31T17:54:25.585] [DEBUG] cheese - null
[2020-05-31T17:55:45.099] [DEBUG] cheese - login => username:admin,password:123456
[2020-05-31T17:55:45.099] [DEBUG] cheese - admin
[2020-05-31T17:55:45.106] [DEBUG] cheese - null
[2020-05-31T17:55:45.107] [DEBUG] cheese - null
[2020-05-31T17:57:44.256] [DEBUG] cheese - login => username:admin,password:123456
[2020-05-31T17:57:44.263] [DEBUG] cheese - admin
[2020-05-31T17:57:44.296] [DEBUG] cheese - null
[2020-05-31T17:57:44.298] [DEBUG] cheese - null
[2020-05-31T18:02:05.832] [DEBUG] cheese - login => username:admin,password:123456
[2020-05-31T18:02:05.832] [DEBUG] cheese - admin
[2020-05-31T18:02:05.846] [DEBUG] cheese - null
[2020-05-31T18:02:05.846] [DEBUG] cheese - null
[2020-05-31T18:13:36.964] [DEBUG] cheese - login => username:admin,password:123456
[2020-05-31T18:13:36.965] [DEBUG] cheese - admin
[2020-05-31T18:13:36.978] [DEBUG] cheese - null
[2020-05-31T18:13:36.979] [DEBUG] cheese - null
[2020-05-31T21:22:01.011] [DEBUG] cheese - login => username:admin,password:123456
[2020-05-31T21:22:01.016] [DEBUG] cheese - admin
[2020-05-31T21:22:01.065] [DEBUG] cheese - null
[2020-05-31T21:22:01.067] [DEBUG] cheese - null
[2020-05-31T21:27:26.171] [DEBUG] cheese - login => username:admin,password:123456
[2020-05-31T21:27:26.172] [DEBUG] cheese - admin
[2020-05-31T21:27:26.181] [DEBUG] cheese - null
[2020-05-31T21:27:26.182] [DEBUG] cheese - null
[2020-05-31T22:07:08.115] [DEBUG] cheese - login => username:admin,password:123456
[2020-05-31T22:07:08.118] [DEBUG] cheese - admin
[2020-05-31T22:07:08.154] [DEBUG] cheese - null
[2020-05-31T22:07:08.155] [DEBUG] cheese - null
[2020-05-31T22:08:41.916] [DEBUG] cheese - login => username:admin,password:123456
[2020-05-31T22:08:41.917] [DEBUG] cheese - admin
[2020-05-31T22:08:41.928] [DEBUG] cheese - null
[2020-05-31T22:08:41.929] [DEBUG] cheese - null
[2020-05-31T22:30:22.892] [DEBUG] cheese - login => username:admin,password:123456
[2020-05-31T22:30:22.892] [DEBUG] cheese - admin
[2020-05-31T22:30:22.900] [DEBUG] cheese - null
[2020-05-31T22:30:22.900] [DEBUG] cheese - null
[2020-05-31T22:38:04.056] [DEBUG] cheese - login => username:admin,password:123456
[2020-05-31T22:38:04.056] [DEBUG] cheese - admin
[2020-05-31T22:38:04.064] [DEBUG] cheese - null
[2020-05-31T22:38:04.064] [DEBUG] cheese - null
[2020-05-31T22:58:47.921] [DEBUG] cheese - login => username:admin,password:123456
[2020-05-31T22:58:47.922] [DEBUG] cheese - admin
[2020-05-31T22:59:24.074] [DEBUG] cheese - login => username:admin,password:123456
[2020-05-31T22:59:24.075] [DEBUG] cheese - admin
[2020-05-31T22:59:24.101] [DEBUG] cheese - login => username:admin,password:123456
[2020-05-31T22:59:24.102] [DEBUG] cheese - admin
[2020-05-31T22:59:24.110] [DEBUG] cheese - login => username:admin,password:123456
[2020-05-31T22:59:24.111] [DEBUG] cheese - admin
[2020-05-31T22:59:24.119] [DEBUG] cheese - login => username:admin,password:123456
[2020-05-31T22:59:24.119] [DEBUG] cheese - admin
[2020-05-31T22:59:24.127] [DEBUG] cheese - login => username:admin,password:123456
[2020-05-31T22:59:24.127] [DEBUG] cheese - admin
[2020-05-31T22:59:24.136] [DEBUG] cheese - login => username:admin,password:123456
[2020-05-31T22:59:24.136] [DEBUG] cheese - admin
[2020-05-31T22:59:24.168] [DEBUG] cheese - null
[2020-05-31T22:59:24.168] [DEBUG] cheese - null
[2020-05-31T22:59:24.509] [DEBUG] cheese - login => username:admin,password:123456
[2020-05-31T22:59:24.510] [DEBUG] cheese - admin
[2020-05-31T22:59:24.515] [DEBUG] cheese - login => username:admin,password:123456
[2020-05-31T22:59:24.515] [DEBUG] cheese - admin
[2020-05-31T22:59:24.531] [DEBUG] cheese - login => username:admin,password:123456
[2020-05-31T22:59:24.532] [DEBUG] cheese - admin
[2020-05-31T22:59:24.541] [DEBUG] cheese - null
[2020-05-31T22:59:24.541] [DEBUG] cheese - null
[2020-05-31T22:59:24.839] [DEBUG] cheese - null
[2020-05-31T22:59:24.840] [DEBUG] cheese - null
[2020-05-31T22:59:25.138] [DEBUG] cheese - null
[2020-05-31T22:59:25.139] [DEBUG] cheese - null
[2020-05-31T22:59:25.435] [DEBUG] cheese - null
[2020-05-31T22:59:25.435] [DEBUG] cheese - null
[2020-05-31T22:59:25.688] [DEBUG] cheese - null
[2020-05-31T22:59:25.689] [DEBUG] cheese - null
[2020-05-31T22:59:25.937] [DEBUG] cheese - null
[2020-05-31T22:59:25.937] [DEBUG] cheese - null
[2020-05-31T22:59:26.184] [DEBUG] cheese - null
[2020-05-31T22:59:26.184] [DEBUG] cheese - null
[2020-05-31T22:59:26.438] [DEBUG] cheese - null
[2020-05-31T22:59:26.438] [DEBUG] cheese - null
[2020-05-31T22:59:26.789] [DEBUG] cheese - null
[2020-05-31T22:59:26.789] [DEBUG] cheese - null
[2020-06-01T22:02:12.267] [DEBUG] cheese - login => username:admin,password:123456
[2020-06-01T22:02:12.271] [DEBUG] cheese - admin
[2020-06-01T22:02:12.289] [DEBUG] cheese - login => username:admin,password:123456
[2020-06-01T22:02:12.289] [DEBUG] cheese - admin
[2020-06-01T22:02:12.297] [DEBUG] cheese - login => username:admin,password:123456
[2020-06-01T22:02:12.298] [DEBUG] cheese - admin
[2020-06-01T22:02:12.304] [DEBUG] cheese - login => username:admin,password:123456
[2020-06-01T22:02:12.304] [DEBUG] cheese - admin
[2020-06-01T22:02:12.313] [DEBUG] cheese - login => username:admin,password:123456
[2020-06-01T22:02:12.313] [DEBUG] cheese - admin
[2020-06-01T22:02:12.321] [DEBUG] cheese - login => username:admin,password:123456
[2020-06-01T22:02:12.322] [DEBUG] cheese - admin
[2020-06-01T22:02:12.363] [DEBUG] cheese - null
[2020-06-01T22:02:12.365] [DEBUG] cheese - null
[2020-06-01T22:02:12.740] [DEBUG] cheese - null
[2020-06-01T22:02:12.740] [DEBUG] cheese - null
[2020-06-01T22:02:13.177] [DEBUG] cheese - null
[2020-06-01T22:02:13.177] [DEBUG] cheese - null
[2020-06-01T22:02:13.602] [DEBUG] cheese - null
[2020-06-01T22:02:13.603] [DEBUG] cheese - null
[2020-06-01T22:02:13.972] [DEBUG] cheese - null
[2020-06-01T22:02:13.972] [DEBUG] cheese - null
[2020-06-01T22:02:14.354] [DEBUG] cheese - null
[2020-06-01T22:02:14.354] [DEBUG] cheese - null
[2020-06-01T22:02:14.735] [DEBUG] cheese - login => username:admin,password:123456
[2020-06-01T22:02:14.735] [DEBUG] cheese - admin
[2020-06-01T22:02:14.750] [DEBUG] cheese - login => username:admin,password:123456
[2020-06-01T22:02:14.750] [DEBUG] cheese - admin
[2020-06-01T22:02:14.785] [DEBUG] cheese - null
[2020-06-01T22:02:14.785] [DEBUG] cheese - null
[2020-06-01T22:02:15.145] [DEBUG] cheese - null
[2020-06-01T22:02:15.146] [DEBUG] cheese - null
[2020-06-01T22:02:45.691] [DEBUG] cheese - login => username:admin,password:123456
[2020-06-01T22:02:45.692] [DEBUG] cheese - admin
[2020-06-01T22:02:45.703] [DEBUG] cheese - null
[2020-06-01T22:02:45.703] [DEBUG] cheese - null
[2020-06-01T22:37:31.772] [DEBUG] cheese - login => username:admin,password:123456
[2020-06-01T22:37:31.776] [DEBUG] cheese - admin
[2020-06-01T22:37:31.808] [DEBUG] cheese - null
[2020-06-01T22:37:31.809] [DEBUG] cheese - null
[2020-06-01T22:40:35.731] [DEBUG] cheese - login => username:admin,password:123456
[2020-06-01T22:40:35.731] [DEBUG] cheese - admin
[2020-06-01T22:40:35.739] [DEBUG] cheese - null
[2020-06-01T22:40:35.739] [DEBUG] cheese - null
[2020-06-01T22:48:23.611] [DEBUG] cheese - login => username:admin,password:123456
[2020-06-01T22:48:23.611] [DEBUG] cheese - admin
[2020-06-01T22:48:23.620] [DEBUG] cheese - null
[2020-06-01T22:48:23.620] [DEBUG] cheese - null
[2020-06-01T22:49:14.655] [DEBUG] cheese - login => username:admin,password:123456
[2020-06-01T22:49:14.656] [DEBUG] cheese - admin
[2020-06-01T22:49:14.664] [DEBUG] cheese - null
[2020-06-01T22:49:14.664] [DEBUG] cheese - null
[2020-06-01T23:03:54.928] [DEBUG] cheese - login => username:admin,password:123456
[2020-06-01T23:03:54.928] [DEBUG] cheese - admin
[2020-06-01T23:03:54.938] [DEBUG] cheese - null
[2020-06-01T23:03:54.939] [DEBUG] cheese - null
[2020-06-01T23:07:22.575] [DEBUG] cheese - login => username:admin,password:123456
[2020-06-01T23:07:22.575] [DEBUG] cheese - admin
[2020-06-01T23:07:30.275] [DEBUG] cheese - login => username:admin,password:123456
[2020-06-01T23:07:30.276] [DEBUG] cheese - admin
[2020-06-01T23:07:30.283] [DEBUG] cheese - null
[2020-06-01T23:07:30.283] [DEBUG] cheese - null
[2020-06-01T23:07:30.588] [DEBUG] cheese - null
[2020-06-01T23:07:30.588] [DEBUG] cheese - null
[2020-06-02T12:40:20.852] [DEBUG] cheese - login => username:admin,password:123456
[2020-06-02T12:40:20.858] [DEBUG] cheese - admin
[2020-06-02T12:40:20.966] [DEBUG] cheese - null
[2020-06-02T12:40:20.968] [DEBUG] cheese - null
[2020-06-02T13:05:15.631] [DEBUG] cheese - login => username:admin,password:123456
[2020-06-02T13:05:15.634] [DEBUG] cheese - admin
[2020-06-02T13:05:15.653] [DEBUG] cheese - null
[2020-06-02T13:05:15.654] [DEBUG] cheese - null
[2020-06-02T13:09:37.352] [DEBUG] cheese - login => username:admin,password:123456
[2020-06-02T13:09:37.352] [DEBUG] cheese - admin
[2020-06-02T13:09:37.361] [DEBUG] cheese - null
[2020-06-02T13:09:37.362] [DEBUG] cheese - null
[2020-06-02T13:15:42.641] [DEBUG] cheese - login => username:admin,password:123456
[2020-06-02T13:15:42.642] [DEBUG] cheese - admin
[2020-06-02T13:15:42.649] [DEBUG] cheese - null
[2020-06-02T13:15:42.650] [DEBUG] cheese - null
[2020-06-02T13:18:02.283] [DEBUG] cheese - login => username:admin,password:123456
[2020-06-02T13:18:02.283] [DEBUG] cheese - admin
[2020-06-02T13:18:02.288] [DEBUG] cheese - null
[2020-06-02T13:18:02.289] [DEBUG] cheese - null
[2020-06-02T13:19:26.647] [DEBUG] cheese - login => username:admin,password:123456
[2020-06-02T13:19:26.647] [DEBUG] cheese - admin
[2020-06-02T13:19:26.656] [DEBUG] cheese - null
[2020-06-02T13:19:26.656] [DEBUG] cheese - null
[2020-06-02T13:36:43.742] [DEBUG] cheese - login => username:admin,password:123456
[2020-06-02T13:36:43.742] [DEBUG] cheese - admin
[2020-06-02T13:36:43.750] [DEBUG] cheese - null
[2020-06-02T13:36:43.750] [DEBUG] cheese - null
[2020-06-02T13:37:43.809] [DEBUG] cheese - login => username:admin,password:123456
[2020-06-02T13:37:43.809] [DEBUG] cheese - admin
[2020-06-02T13:37:43.816] [DEBUG] cheese - null
[2020-06-02T13:37:43.817] [DEBUG] cheese - null
[2020-06-02T14:10:06.049] [DEBUG] cheese - login => username:admin,password:123456
[2020-06-02T14:10:06.050] [DEBUG] cheese - admin
[2020-06-02T14:10:06.064] [DEBUG] cheese - null
[2020-06-02T14:10:06.064] [DEBUG] cheese - null
[2020-06-02T14:24:48.845] [DEBUG] cheese - login => username:admin,password:123456
[2020-06-02T14:24:48.846] [DEBUG] cheese - admin
[2020-06-02T14:24:48.856] [DEBUG] cheese - null
[2020-06-02T14:24:48.856] [DEBUG] cheese - null
[2020-06-02T14:46:04.553] [DEBUG] cheese - login => username:admin,password:123454
[2020-06-02T14:46:04.554] [DEBUG] cheese - admin
[2020-06-02T14:46:04.563] [DEBUG] cheese - null
[2020-06-02T14:46:04.563] [DEBUG] cheese - null
[2020-06-02T14:46:09.772] [DEBUG] cheese - login => username:admin,password:123456
[2020-06-02T14:46:09.773] [DEBUG] cheese - admin
[2020-06-02T14:46:09.779] [DEBUG] cheese - null
[2020-06-02T14:46:09.780] [DEBUG] cheese - null
[2020-06-02T21:40:01.975] [DEBUG] cheese - login => username:admin,password:123456
[2020-06-02T21:40:01.977] [DEBUG] cheese - admin
[2020-06-02T21:40:02.275] [DEBUG] cheese - null
[2020-06-02T21:40:02.276] [DEBUG] cheese - null
[2020-06-02T21:44:16.249] [DEBUG] cheese - login => username:admin,password:123456
[2020-06-02T21:44:16.250] [DEBUG] cheese - admin
[2020-06-02T21:44:16.260] [DEBUG] cheese - null
[2020-06-02T21:44:16.260] [DEBUG] cheese - null
[2020-06-02T22:39:15.783] [DEBUG] cheese - login => username:admin,password:123456
[2020-06-02T22:39:15.788] [DEBUG] cheese - admin
[2020-06-02T22:39:15.861] [DEBUG] cheese - null
[2020-06-02T22:39:15.863] [DEBUG] cheese - null
[2020-06-04T12:42:44.310] [DEBUG] cheese - login => username:admin,password:123456
[2020-06-04T12:42:44.315] [DEBUG] cheese - admin
[2020-06-04T12:42:44.399] [DEBUG] cheese - null
[2020-06-04T12:42:44.401] [DEBUG] cheese - null
[2020-06-04T12:43:21.032] [DEBUG] cheese - login => username:admin,password:123456
[2020-06-04T12:43:21.032] [DEBUG] cheese - admin
[2020-06-04T12:43:21.041] [DEBUG] cheese - null
[2020-06-04T12:43:21.041] [DEBUG] cheese - null
[2020-06-04T12:45:12.363] [DEBUG] cheese - login => username:admin,password:123456
[2020-06-04T12:45:12.363] [DEBUG] cheese - admin
[2020-06-04T12:45:38.785] [DEBUG] cheese - login => username:admin,password:123456
[2020-06-04T12:45:38.794] [DEBUG] cheese - admin
[2020-06-04T12:45:38.831] [DEBUG] cheese - null
[2020-06-04T12:45:38.832] [DEBUG] cheese - null
[2020-06-04T12:53:27.214] [DEBUG] cheese - login => username:admin,password:123456
[2020-06-04T12:53:27.218] [DEBUG] cheese - admin
[2020-06-04T12:53:27.225] [DEBUG] cheese - login => username:admin,password:123456
[2020-06-04T12:53:27.226] [DEBUG] cheese - admin
[2020-06-04T12:53:27.242] [DEBUG] cheese - login => username:admin,password:123456
[2020-06-04T12:53:27.243] [DEBUG] cheese - admin
[2020-06-04T12:53:27.284] [DEBUG] cheese - null
[2020-06-04T12:53:27.285] [DEBUG] cheese - null
[2020-06-04T12:53:27.646] [DEBUG] cheese - null
[2020-06-04T12:53:27.647] [DEBUG] cheese - null
[2020-06-04T12:53:28.260] [DEBUG] cheese - null
[2020-06-04T12:53:28.261] [DEBUG] cheese - null
[2020-06-04T13:14:43.790] [DEBUG] cheese - login => username:admin,password:123456
[2020-06-04T13:14:43.794] [DEBUG] cheese - admin
[2020-06-04T13:14:43.824] [DEBUG] cheese - null
[2020-06-04T13:14:43.825] [DEBUG] cheese - null
[2020-06-04T13:54:12.162] [DEBUG] cheese - login => username:admin,password:123456
[2020-06-04T13:54:12.165] [DEBUG] cheese - admin
[2020-06-04T13:54:12.200] [DEBUG] cheese - null
[2020-06-04T13:54:12.201] [DEBUG] cheese - null
[2020-06-04T14:04:45.530] [DEBUG] cheese - login => username:admin,password:123456
[2020-06-04T14:04:45.530] [DEBUG] cheese - admin
[2020-06-04T14:04:45.540] [DEBUG] cheese - null
[2020-06-04T14:04:45.540] [DEBUG] cheese - null
[2020-06-04T14:11:14.925] [DEBUG] cheese - login => username:admin,password:123456
[2020-06-04T14:11:14.926] [DEBUG] cheese - admin
[2020-06-04T14:11:14.934] [DEBUG] cheese - null
[2020-06-04T14:11:14.934] [DEBUG] cheese - null
[2020-06-05T21:27:57.464] [DEBUG] cheese - login => username:admin,password:123456
[2020-06-05T21:27:57.468] [DEBUG] cheese - admin
[2020-06-05T21:27:57.606] [DEBUG] cheese - null
[2020-06-05T21:27:57.608] [DEBUG] cheese - null
[2020-06-05T21:28:34.192] [DEBUG] cheese - login => username:admin,password:123456
[2020-06-05T21:28:34.193] [DEBUG] cheese - admin
[2020-06-05T21:28:34.209] [DEBUG] cheese - null
[2020-06-05T21:28:34.210] [DEBUG] cheese - null
[2020-06-06T21:47:06.547] [DEBUG] cheese - login => username:admin,password:123456
[2020-06-06T21:47:06.552] [DEBUG] cheese - admin
[2020-06-06T21:47:06.771] [DEBUG] cheese - null
[2020-06-06T21:47:06.773] [DEBUG] cheese - null
[2020-06-14T15:07:52.484] [DEBUG] cheese - login => username:admin,password:123456
[2020-06-14T15:07:52.490] [DEBUG] cheese - admin
[2020-06-14T15:07:52.605] [DEBUG] cheese - null
[2020-06-14T15:07:52.607] [DEBUG] cheese - null
[2020-06-14T16:07:22.758] [DEBUG] cheese - null
[2020-06-14T17:55:58.956] [DEBUG] cheese - null
[2020-06-14T17:56:06.930] [DEBUG] cheese - null
[2020-06-14T17:56:15.476] [DEBUG] cheese - null
